<?xml version="1.0" encoding="UTF-8"?>
<!-- Generated by org.testng.reporters.JUnitReportReporter -->
<testsuite hostname="Jyothi" failures="0" tests="1" name="JsonPractice.JsonObject" time="1.368" errors="0" timestamp="2024-01-23T13:08:02 IST" skipped="0">
  <testcase classname="JsonPractice.JsonObject" name="test2" time="1.368"/>
  <system-out/>
</testsuite> <!-- JsonPractice.JsonObject -->
