<?xml version="1.0" encoding="UTF-8"?>
<!-- Generated by org.testng.reporters.JUnitReportReporter -->
<testsuite hostname="Jyothi" failures="0" tests="1" name="JsonPractice.DataPage" time="1.961" errors="0" timestamp="2023-12-13T17:55:54 IST" skipped="0">
  <testcase classname="JsonPractice.DataPage" name="getDummy" time="1.961"/>
  <system-out/>
</testsuite> <!-- JsonPractice.DataPage -->
