<?xml version="1.0" encoding="UTF-8"?>
<!-- Generated by org.testng.reporters.JUnitReportReporter -->
<testsuite hostname="Jyothi" failures="0" tests="1" name="JsonPractice.reqres" time="1.979" errors="0" timestamp="2023-12-12T21:43:07 IST" skipped="0">
  <testcase classname="JsonPractice.reqres" name="reqres" time="1.979"/>
  <system-out/>
</testsuite> <!-- JsonPractice.reqres -->
