<?xml version="1.0" encoding="UTF-8"?>
<!-- Generated by org.testng.reporters.JUnitReportReporter -->
<testsuite hostname="Jyothi" failures="0" tests="2" name="StudentsJson.ParsingJsonResponseData" time="1.617" errors="0" timestamp="2023-12-15T18:06:38 IST" skipped="0">
  <testcase classname="StudentsJson.ParsingJsonResponseData" name="testJsonResponseBodyData" time="1.071"/>
  <system-out/>
  <testcase classname="StudentsJson.ParsingJsonResponseData" name="testJsonResponse" time="0.546"/>
  <system-out/>
</testsuite> <!-- StudentsJson.ParsingJsonResponseData -->
