<?xml version="1.0" encoding="UTF-8"?>
<!-- Generated by org.testng.reporters.JUnitReportReporter -->
<testsuite hostname="Jyothi" failures="0" tests="1" name="JsonObject.A" time="1.069" errors="0" timestamp="2024-01-10T17:47:00 IST" skipped="0">
  <testcase classname="JsonObject.A" name="a" time="1.069"/>
  <system-out/>
</testsuite> <!-- JsonObject.A -->
