<?xml version="1.0" encoding="UTF-8"?>
<!-- Generated by org.testng.reporters.JUnitReportReporter -->
<testsuite hostname="Jyothi" failures="0" tests="1" name="StudentsJson.HeasersAndCookies" time="1.859" errors="0" timestamp="2023-12-14T15:04:33 IST" skipped="0">
  <testcase classname="StudentsJson.HeasersAndCookies" name="headers" time="1.859"/>
  <system-out/>
</testsuite> <!-- StudentsJson.HeasersAndCookies -->
