<?xml version="1.0" encoding="UTF-8"?>
<!-- Generated by org.testng.reporters.JUnitReportReporter -->
<testsuite hostname="Jyothi" failures="0" tests="1" name="StudentsJson.XmlParsing" time="2.307" errors="0" timestamp="2023-12-16T15:45:47 IST" skipped="0">
  <testcase classname="StudentsJson.XmlParsing" name="xmlParsing" time="2.307"/>
  <system-out/>
</testsuite> <!-- StudentsJson.XmlParsing -->
