<?xml version="1.0" encoding="UTF-8"?>
<!-- Generated by org.testng.reporters.JUnitReportReporter -->
<testsuite hostname="Jyothi" failures="0" tests="1" name="StudentsJson.StudentPage" time="1.658" errors="0" timestamp="2023-12-14T09:25:47 IST" skipped="0">
  <testcase classname="StudentsJson.StudentPage" name="student" time="1.658"/>
  <system-out/>
</testsuite> <!-- StudentsJson.StudentPage -->
