<?xml version="1.0" encoding="UTF-8"?>
<!-- Generated by org.testng.reporters.JUnitReportReporter -->
<testsuite hostname="Jyothi" failures="0" tests="3" name="RestAssuredPavan.ReqRes" time="5.407" errors="0" timestamp="2023-12-08T18:19:10 IST" skipped="0">
  <testcase classname="RestAssuredPavan.ReqRes" name="updateUser" time="1.028"/>
  <system-out/>
  <testcase classname="RestAssuredPavan.ReqRes" name="createUser" time="3.091"/>
  <system-out/>
  <testcase classname="RestAssuredPavan.ReqRes" name="deleteUser" time="1.288"/>
  <system-out/>
</testsuite> <!-- RestAssuredPavan.ReqRes -->
