<?xml version="1.0" encoding="UTF-8"?>
<!-- Generated by org.testng.reporters.JUnitReportReporter -->
<testsuite hostname="Jyothi" failures="0" tests="1" name="StudentsJson.studendPage" time="1.557" errors="0" timestamp="2023-12-16T13:05:22 IST" skipped="0">
  <testcase classname="StudentsJson.studendPage" name="student" time="1.557"/>
  <system-out/>
</testsuite> <!-- StudentsJson.studendPage -->
